<?xml version="1.0" encoding="UTF-8"?>
<!-- Generated by org.testng.reporters.JUnitReportReporter -->
<<<<<<< HEAD
<testsuite hostname="L-BLR-15005144" name="com.sakthi.project.javacodes.Palindrom" tests="1" failures="0" timestamp="21 Aug 2017 11:49:13 GMT" time="0.023" errors="0">
  <testcase name="test" time="0.023" classname="com.sakthi.project.javacodes.Palindrom"/>
=======
<testsuite hostname="L-BLR-15005144" name="com.sakthi.project.javacodes.Palindrom" tests="1" failures="0" timestamp="15 Aug 2017 08:06:40 GMT" time="0.016" errors="0">
  <testcase name="test" time="0.016" classname="com.sakthi.project.javacodes.Palindrom"/>
>>>>>>> refs/remotes/origin/master
</testsuite> <!-- com.sakthi.project.javacodes.Palindrom -->
