<?xml version="1.0" encoding="UTF-8"?>
<!-- Generated by org.testng.reporters.JUnitReportReporter -->
<testsuite hostname="L-BLR-15005144" name="com.sakthi.project.javacodes.Palindrom" tests="1" failures="0" timestamp="21 Aug 2017 11:49:13 GMT" time="0.023" errors="0">
  <testcase name="test" time="0.023" classname="com.sakthi.project.javacodes.Palindrom"/>
</testsuite> <!-- com.sakthi.project.javacodes.Palindrom -->
